<?xml version="1.0" encoding="UTF-8"?>
<testng-results ignored="0" total="1" passed="1" failed="0" skipped="0">
  <reporter-output>
    <line>
      <![CDATA[running verify user idDPG458]]>
    </line>
    <line>
      <![CDATA[logout the application]]>
    </line>
    <line>
      <![CDATA[close the app]]>
    </line>
  </reporter-output>
  <suite started-at="2022-09-05T22:06:43 IST" name="Suite" finished-at="2022-09-05T22:07:23 IST" duration-ms="40135">
    <groups>
    </groups>
    <test started-at="2022-09-05T22:06:43 IST" name="Test" finished-at="2022-09-05T22:07:23 IST" duration-ms="40135">
      <class name="KiteTest.Test_class">
        <test-method is-config="true" signature="openBrowser()[pri:0, instance:KiteTest.Test_class@76505305]" started-at="2022-09-05T22:06:43 IST" name="openBrowser" finished-at="2022-09-05T22:06:58 IST" duration-ms="14516" status="PASS">
          <reporter-output>
          </reporter-output>
        </test-method> <!-- openBrowser -->
        <test-method is-config="true" signature="loginToApp()[pri:0, instance:KiteTest.Test_class@76505305]" started-at="2022-09-05T22:06:58 IST" name="loginToApp" finished-at="2022-09-05T22:07:01 IST" duration-ms="3590" status="PASS">
          <reporter-output>
          </reporter-output>
        </test-method> <!-- loginToApp -->
        <test-method signature="verifyuserID()[pri:0, instance:KiteTest.Test_class@76505305]" started-at="2022-09-05T22:07:01 IST" name="verifyuserID" finished-at="2022-09-05T22:07:17 IST" duration-ms="15376" status="PASS">
          <reporter-output>
            <line>
              <![CDATA[running verify user idDPG458]]>
            </line>
          </reporter-output>
        </test-method> <!-- verifyuserID -->
        <test-method is-config="true" signature="logoutApp()[pri:0, instance:KiteTest.Test_class@76505305]" started-at="2022-09-05T22:07:17 IST" name="logoutApp" finished-at="2022-09-05T22:07:17 IST" duration-ms="9" status="PASS">
          <reporter-output>
            <line>
              <![CDATA[logout the application]]>
            </line>
          </reporter-output>
        </test-method> <!-- logoutApp -->
        <test-method is-config="true" signature="closeBrowser()[pri:0, instance:KiteTest.Test_class@76505305]" started-at="2022-09-05T22:07:17 IST" name="closeBrowser" finished-at="2022-09-05T22:07:23 IST" duration-ms="6539" status="PASS">
          <reporter-output>
            <line>
              <![CDATA[close the app]]>
            </line>
          </reporter-output>
        </test-method> <!-- closeBrowser -->
      </class> <!-- KiteTest.Test_class -->
    </test> <!-- Test -->
  </suite> <!-- Suite -->
</testng-results>
